<html>
<head>
<title>TestNG:  Test</title>
<link href="../testng.css" rel="stylesheet" type="text/css" />
<link href="../my-testng.css" rel="stylesheet" type="text/css" />

<style type="text/css">
.log { display: none;} 
.stack-trace { display: none;} 
</style>
<script type="text/javascript">
<!--
function flip(e) {
  current = e.style.display;
  if (current == 'block') {
    e.style.display = 'none';
    return 0;
  }
  else {
    e.style.display = 'block';
    return 1;
  }
}

function toggleBox(szDivId, elem, msg1, msg2)
{
  var res = -1;  if (document.getElementById) {
    res = flip(document.getElementById(szDivId));
  }
  else if (document.all) {
    // this is the way old msie versions work
    res = flip(document.all[szDivId]);
  }
  if(elem) {
    if(res == 0) elem.innerHTML = msg1; else elem.innerHTML = msg2;
  }

}

function toggleAllBoxes() {
  if (document.getElementsByTagName) {
    d = document.getElementsByTagName('div');
    for (i = 0; i < d.length; i++) {
      if (d[i].className == 'log') {
        flip(d[i]);
      }
    }
  }
}

// -->
</script>

</head>
<body>
<h2 align='center'>Test</h2><table border='1' align="center">
<tr>
<td>Tests passed/Failed/Skipped:</td><td>12/0/1</td>
</tr><tr>
<td>Started on:</td><td>Mon Jul 01 14:20:25 MDT 2024</td>
</tr>
<tr><td>Total time:</td><td>280 seconds (280407 ms)</td>
</tr><tr>
<td>Included groups:</td><td></td>
</tr><tr>
<td>Excluded groups:</td><td></td>
</tr>
</table><p/>
<small><i>(Hover the method name to see the test class name)</i></small><p/>
<table width='100%' border='1' class='invocation-passed'>
<tr><td colspan='4' align='center'><b>PASSED TESTS</b></td></tr>
<tr><td><b>Test method</b></td>
<td width="30%"><b>Exception</b></td>
<td width="10%"><b>Time (seconds)</b></td>
<td><b>Instance</b></td>
</tr>
<tr>
<td title='com.automationexercise.PageTests.AutomationExercisePageTest.validateValidLoginFunctionality()'><b>validateValidLoginFunctionality</b><br>Test class: com.automationexercise.PageTests.AutomationExercisePageTest<br>Parameters: 2example@email.com, abc123</td>
<td></td>
<td>2</td>
<td>com.automationexercise.PageTests.AutomationExercisePageTest@54c5a2ff</td></tr>
<tr>
<td title='com.automationexercise.PageTests.SignupLoginPageTest.validateLogoutFunctionality()'><b>validateLogoutFunctionality</b><br>Test class: com.automationexercise.PageTests.SignupLoginPageTest</td>
<td></td>
<td>8</td>
<td>com.automationexercise.PageTests.SignupLoginPageTest@2e385cce</td></tr>
<tr>
<td title='com.automationexercise.PageTests.ContactUsPageTest.validateContactUsFunctionality()'><b>validateContactUsFunctionality</b><br>Test class: com.automationexercise.PageTests.ContactUsPageTest</td>
<td></td>
<td>6</td>
<td>com.automationexercise.PageTests.ContactUsPageTest@2a265ea9</td></tr>
<tr>
<td title='com.automationexercise.PageTests.AutomationExercisePageTest.validateValidLoginFunctionality()'><b>validateValidLoginFunctionality</b><br>Test class: com.automationexercise.PageTests.AutomationExercisePageTest<br>Parameters: 9email@email.com, abc123</td>
<td></td>
<td>3</td>
<td>com.automationexercise.PageTests.AutomationExercisePageTest@54c5a2ff</td></tr>
<tr>
<td title='com.automationexercise.PageTests.AutomationExercisePageTest.validateAddToCartFunctionality()'><b>validateAddToCartFunctionality</b><br>Test class: com.automationexercise.PageTests.AutomationExercisePageTest</td>
<td></td>
<td>4</td>
<td>com.automationexercise.PageTests.AutomationExercisePageTest@54c5a2ff</td></tr>
<tr>
<td title='com.automationexercise.PageTests.AccountCreatedPageTest.validateAccountCreationFunctionality()'><b>validateAccountCreationFunctionality</b><br>Test class: com.automationexercise.PageTests.AccountCreatedPageTest</td>
<td></td>
<td>7</td>
<td>com.automationexercise.PageTests.AccountCreatedPageTest@644baf4a</td></tr>
<tr>
<td title='com.automationexercise.PageTests.AutomationExercisePageTest.validateValidLoginFunctionality()'><b>validateValidLoginFunctionality</b><br>Test class: com.automationexercise.PageTests.AutomationExercisePageTest<br>Parameters: 1example@email.com, abc123</td>
<td></td>
<td>3</td>
<td>com.automationexercise.PageTests.AutomationExercisePageTest@54c5a2ff</td></tr>
<tr>
<td title='com.automationexercise.PageTests.SignupLoginPageTest.validateSignupWithExisitngEmailFunctionality()'><b>validateSignupWithExisitngEmailFunctionality</b><br>Test class: com.automationexercise.PageTests.SignupLoginPageTest</td>
<td></td>
<td>3</td>
<td>com.automationexercise.PageTests.SignupLoginPageTest@2e385cce</td></tr>
<tr>
<td title='com.automationexercise.PageTests.SignupLoginPageTest.validateSubscriptionFunctionality()'><b>validateSubscriptionFunctionality</b><br>Test class: com.automationexercise.PageTests.SignupLoginPageTest</td>
<td></td>
<td>0</td>
<td>com.automationexercise.PageTests.SignupLoginPageTest@2e385cce</td></tr>
<tr>
<td title='com.automationexercise.PageTests.SignupLoginPageTest.validateInvalidLoginFunctionality()'><b>validateInvalidLoginFunctionality</b><br>Test class: com.automationexercise.PageTests.SignupLoginPageTest</td>
<td></td>
<td>3</td>
<td>com.automationexercise.PageTests.SignupLoginPageTest@2e385cce</td></tr>
<tr>
<td title='com.automationexercise.PageTests.AutomationExercisePageTest.validatePlaceOrderFunctionality()'><b>validatePlaceOrderFunctionality</b><br>Test class: com.automationexercise.PageTests.AutomationExercisePageTest</td>
<td></td>
<td>21</td>
<td>com.automationexercise.PageTests.AutomationExercisePageTest@54c5a2ff</td></tr>
<tr>
<td title='com.automationexercise.PageTests.CheckoutPageTest.validateRemoveItemFromCheckout()'><b>validateRemoveItemFromCheckout</b><br>Test class: com.automationexercise.PageTests.CheckoutPageTest</td>
<td></td>
<td>15</td>
<td>com.automationexercise.PageTests.CheckoutPageTest@6d4d66d2</td></tr>
</table><p>
<table width='100%' border='1' class='invocation-skipped'>
<tr><td colspan='4' align='center'><b>SKIPPED TESTS</b></td></tr>
<tr><td><b>Test method</b></td>
<td width="30%"><b>Exception</b></td>
<td width="10%"><b>Time (seconds)</b></td>
<td><b>Instance</b></td>
</tr>
<tr>
<td title='com.automationexercise.PageTests.ContactUsPageTest.validateContactUsFunctionality()'><b>validateContactUsFunctionality</b><br>Test class: com.automationexercise.PageTests.ContactUsPageTest</td>
<td><div><pre>org.openqa.selenium.WebDriverException: unknown error: cannot determine loading status
from disconnected: unable to send message to renderer
  (Session info: chrome=126.0.6478.127)
Build info: version: &apos;4.15.0&apos;, revision: &apos;1d14b5521b&apos;
System info: os.name: &apos;Windows 11&apos;, os.arch: &apos;amd64&apos;, os.version: &apos;10.0&apos;, java.version: &apos;17.0.10&apos;
Driver info: org.openqa.selenium.chrome.ChromeDriver
Command: [9f28729bc754464a5ef127319295a9c4, submitElement {id=f.12791070A3481AD99400A7CA1088222F.d.51960987423BA3DB65B5443982BB835D.e.12}]
Capabilities {acceptInsecureCerts: false, browserName: chrome, browserVersion: 126.0.6478.127, chrome: {chromedriverVersion: 126.0.6478.126 (d36ace6122e..., userDataDir: C:\Users\DELL\AppData\Local...}, fedcm:accounts: true, goog:chromeOptions: {debuggerAddress: localhost:57957}, networkConnectionEnabled: false, pageLoadStrategy: normal, platformName: windows, proxy: Proxy(), se:cdp: ws://localhost:57957/devtoo..., se:cdpVersion: 126.0.6478.127, setWindowRect: true, strictFileInteractability: false, timeouts: {implicit: 0, pageLoad: 300000, script: 30000}, unhandledPromptBehavior: dismiss and notify, webauthn:extension:credBlob: true, webauthn:extension:largeBlob: true, webauthn:extension:minPinLength: true, webauthn:extension:prf: true, webauthn:virtualAuthenticators: true}
Element: [[ChromeDriver: chrome on windows (9f28729bc754464a5ef127319295a9c4)] -&gt; css selector: button[data-qa=&apos;login-button&apos;]]
Session ID: 9f28729bc754464a5ef127319295a9c4
	at org.openqa.selenium.remote.codec.w3c.W3CHttpResponseCodec.createException(W3CHttpResponseCodec.java:200)
	at org.openqa.selenium.remote.codec.w3c.W3CHttpResponseCodec.decode(W3CHttpResponseCodec.java:133)
	at org.openqa.selenium.remote.codec.w3c.W3CHttpResponseCodec.decode(W3CHttpResponseCodec.java:52)
	at org.openqa.selenium.remote.HttpCommandExecutor.execute(HttpCommandExecutor.java:191)
	at org.openqa.selenium.remote.service.DriverCommandExecutor.invokeExecute(DriverCommandExecutor.java:200)
	at org.openqa.selenium.remote.service.DriverCommandExecutor.execute(DriverCommandExecutor.java:175)
	at org.openqa.selenium.remote.RemoteWebDriver.execute(RemoteWebDriver.java:607)
	at org.openqa.selenium.remote.RemoteWebElement.execute(RemoteWebElement.java:224)
	at org.openqa.selenium.remote.RemoteWebElement.submit(RemoteWebElement.java:83)
	at org.openqa.selenium.support.decorators.WebDriverDecorator.call(WebDriverDecorator.java:249)
	at org.openqa.selenium.support.decorators.DefaultDecorated.call(DefaultDecorated.java:48)
	at org.openqa.selenium.support.decorators.WebDriverDecorator.lambda$createProxy$2(WebDriverDecorator.java:321)
	at net.bytebuddy.renamed.java.lang.Object$ByteBuddy$4vQGSQs4.submit(Unknown Source)
	at org.openqa.selenium.support.pagefactory.internal.LocatingElementHandler.invoke(LocatingElementHandler.java:51)
	at jdk.proxy2/jdk.proxy2.$Proxy38.submit(Unknown Source)
	at com.automationexcercise.TestBasePackage.Utilities.submit(Utilities.java:19)
	at com.automationexcercise.Pages.SignupLoginPage.enterLoginInfo(SignupLoginPage.java:104)
	at com.automationexercise.PageTests.ContactUsPageTest.validateContactUsFunctionality(ContactUsPageTest.java:28)
	at java.base/java.util.ArrayList.forEach(ArrayList.java:1511)
... Removed 38 stack frames</pre></div><a href='#' onClick='toggleBox("stack-trace1080517451", this, "Click to show all stack frames", "Click to hide stack frames")'>Click to show all stack frames</a>
<div class='stack-trace' id='stack-trace1080517451'><pre>org.openqa.selenium.WebDriverException: unknown error: cannot determine loading status
from disconnected: unable to send message to renderer
  (Session info: chrome=126.0.6478.127)
Build info: version: &apos;4.15.0&apos;, revision: &apos;1d14b5521b&apos;
System info: os.name: &apos;Windows 11&apos;, os.arch: &apos;amd64&apos;, os.version: &apos;10.0&apos;, java.version: &apos;17.0.10&apos;
Driver info: org.openqa.selenium.chrome.ChromeDriver
Command: [9f28729bc754464a5ef127319295a9c4, submitElement {id=f.12791070A3481AD99400A7CA1088222F.d.51960987423BA3DB65B5443982BB835D.e.12}]
Capabilities {acceptInsecureCerts: false, browserName: chrome, browserVersion: 126.0.6478.127, chrome: {chromedriverVersion: 126.0.6478.126 (d36ace6122e..., userDataDir: C:\Users\DELL\AppData\Local...}, fedcm:accounts: true, goog:chromeOptions: {debuggerAddress: localhost:57957}, networkConnectionEnabled: false, pageLoadStrategy: normal, platformName: windows, proxy: Proxy(), se:cdp: ws://localhost:57957/devtoo..., se:cdpVersion: 126.0.6478.127, setWindowRect: true, strictFileInteractability: false, timeouts: {implicit: 0, pageLoad: 300000, script: 30000}, unhandledPromptBehavior: dismiss and notify, webauthn:extension:credBlob: true, webauthn:extension:largeBlob: true, webauthn:extension:minPinLength: true, webauthn:extension:prf: true, webauthn:virtualAuthenticators: true}
Element: [[ChromeDriver: chrome on windows (9f28729bc754464a5ef127319295a9c4)] -&gt; css selector: button[data-qa=&apos;login-button&apos;]]
Session ID: 9f28729bc754464a5ef127319295a9c4
	at java.base/jdk.internal.reflect.NativeConstructorAccessorImpl.newInstance0(Native Method)
	at java.base/jdk.internal.reflect.NativeConstructorAccessorImpl.newInstance(NativeConstructorAccessorImpl.java:77)
	at java.base/jdk.internal.reflect.DelegatingConstructorAccessorImpl.newInstance(DelegatingConstructorAccessorImpl.java:45)
	at java.base/java.lang.reflect.Constructor.newInstanceWithCaller(Constructor.java:499)
	at java.base/java.lang.reflect.Constructor.newInstance(Constructor.java:480)
	at org.openqa.selenium.remote.codec.w3c.W3CHttpResponseCodec.createException(W3CHttpResponseCodec.java:200)
	at org.openqa.selenium.remote.codec.w3c.W3CHttpResponseCodec.decode(W3CHttpResponseCodec.java:133)
	at org.openqa.selenium.remote.codec.w3c.W3CHttpResponseCodec.decode(W3CHttpResponseCodec.java:52)
	at org.openqa.selenium.remote.HttpCommandExecutor.execute(HttpCommandExecutor.java:191)
	at org.openqa.selenium.remote.service.DriverCommandExecutor.invokeExecute(DriverCommandExecutor.java:200)
	at org.openqa.selenium.remote.service.DriverCommandExecutor.execute(DriverCommandExecutor.java:175)
	at org.openqa.selenium.remote.RemoteWebDriver.execute(RemoteWebDriver.java:607)
	at org.openqa.selenium.remote.RemoteWebElement.execute(RemoteWebElement.java:224)
	at org.openqa.selenium.remote.RemoteWebElement.submit(RemoteWebElement.java:83)
	at jdk.internal.reflect.GeneratedMethodAccessor29.invoke(Unknown Source)
	at java.base/jdk.internal.reflect.DelegatingMethodAccessorImpl.invoke(DelegatingMethodAccessorImpl.java:43)
	at java.base/java.lang.reflect.Method.invoke(Method.java:568)
	at org.openqa.selenium.support.decorators.WebDriverDecorator.call(WebDriverDecorator.java:249)
	at org.openqa.selenium.support.decorators.DefaultDecorated.call(DefaultDecorated.java:48)
	at org.openqa.selenium.support.decorators.WebDriverDecorator.lambda$createProxy$2(WebDriverDecorator.java:321)
	at net.bytebuddy.renamed.java.lang.Object$ByteBuddy$4vQGSQs4.submit(Unknown Source)
	at jdk.internal.reflect.GeneratedMethodAccessor29.invoke(Unknown Source)
	at java.base/jdk.internal.reflect.DelegatingMethodAccessorImpl.invoke(DelegatingMethodAccessorImpl.java:43)
	at java.base/java.lang.reflect.Method.invoke(Method.java:568)
	at org.openqa.selenium.support.pagefactory.internal.LocatingElementHandler.invoke(LocatingElementHandler.java:51)
	at jdk.proxy2/jdk.proxy2.$Proxy38.submit(Unknown Source)
	at com.automationexcercise.TestBasePackage.Utilities.submit(Utilities.java:19)
	at com.automationexcercise.Pages.SignupLoginPage.enterLoginInfo(SignupLoginPage.java:104)
	at com.automationexercise.PageTests.ContactUsPageTest.validateContactUsFunctionality(ContactUsPageTest.java:28)
	at java.base/jdk.internal.reflect.NativeMethodAccessorImpl.invoke0(Native Method)
	at java.base/jdk.internal.reflect.NativeMethodAccessorImpl.invoke(NativeMethodAccessorImpl.java:77)
	at java.base/jdk.internal.reflect.DelegatingMethodAccessorImpl.invoke(DelegatingMethodAccessorImpl.java:43)
	at java.base/java.lang.reflect.Method.invoke(Method.java:568)
	at org.testng.internal.MethodInvocationHelper.invokeMethod(MethodInvocationHelper.java:133)
	at org.testng.internal.TestInvoker.invokeMethod(TestInvoker.java:598)
	at org.testng.internal.TestInvoker.invokeTestMethod(TestInvoker.java:173)
	at org.testng.internal.MethodRunner.runInSequence(MethodRunner.java:46)
	at org.testng.internal.TestInvoker$MethodInvocationAgent.invoke(TestInvoker.java:824)
	at org.testng.internal.TestInvoker.invokeTestMethods(TestInvoker.java:146)
	at org.testng.internal.TestMethodWorker.invokeTestMethods(TestMethodWorker.java:146)
	at org.testng.internal.TestMethodWorker.run(TestMethodWorker.java:128)
	at java.base/java.util.ArrayList.forEach(ArrayList.java:1511)
	at org.testng.TestRunner.privateRun(TestRunner.java:794)
	at org.testng.TestRunner.run(TestRunner.java:596)
	at org.testng.SuiteRunner.runTest(SuiteRunner.java:377)
	at org.testng.SuiteRunner.runSequentially(SuiteRunner.java:371)
	at org.testng.SuiteRunner.privateRun(SuiteRunner.java:332)
	at org.testng.SuiteRunner.run(SuiteRunner.java:276)
	at org.testng.SuiteRunnerWorker.runSuite(SuiteRunnerWorker.java:53)
	at org.testng.SuiteRunnerWorker.run(SuiteRunnerWorker.java:96)
	at org.testng.TestNG.runSuitesSequentially(TestNG.java:1212)
	at org.testng.TestNG.runSuitesLocally(TestNG.java:1134)
	at org.testng.TestNG.runSuites(TestNG.java:1063)
	at org.testng.TestNG.run(TestNG.java:1031)
	at org.testng.remote.AbstractRemoteTestNG.run(AbstractRemoteTestNG.java:115)
	at org.testng.remote.RemoteTestNG.initAndRun(RemoteTestNG.java:293)
	at org.testng.remote.RemoteTestNG.main(RemoteTestNG.java:91)
</pre></div></td>
<td>128</td>
<td>com.automationexercise.PageTests.ContactUsPageTest@2a265ea9</td></tr>
</table><p>
</body>
</html>